2024-06-04 16:54:10.438  INFO 1015958 --- [restartedMain] hello.Application                        : Starting Application on liferay-c0i1l0o6 with PID 1015958 (/home/me/dev/projects/study/djabet-repository-api/target/classes started by me in /home/me/dev/projects/study/djabet-repository-api)
2024-06-04 16:54:10.439 DEBUG 1015958 --- [restartedMain] hello.Application                        : Running with Spring Boot v2.2.4.RELEASE, Spring v5.2.3.RELEASE
2024-06-04 16:54:10.439  INFO 1015958 --- [restartedMain] hello.Application                        : No active profile set, falling back to default profiles: default
2024-06-04 16:54:10.456  INFO 1015958 --- [restartedMain] o.s.b.devtools.restart.ChangeableUrls    : The Class-Path manifest attribute in /home/me/.m2/repository/org/glassfish/jaxb/jaxb-runtime/2.3.2/jaxb-runtime-2.3.2.jar referenced one or more files that do not exist: file:/home/me/.m2/repository/org/glassfish/jaxb/jaxb-runtime/2.3.2/jakarta.xml.bind-api-2.3.2.jar,file:/home/me/.m2/repository/org/glassfish/jaxb/jaxb-runtime/2.3.2/txw2-2.3.2.jar,file:/home/me/.m2/repository/org/glassfish/jaxb/jaxb-runtime/2.3.2/istack-commons-runtime-3.0.8.jar,file:/home/me/.m2/repository/org/glassfish/jaxb/jaxb-runtime/2.3.2/stax-ex-1.8.1.jar,file:/home/me/.m2/repository/org/glassfish/jaxb/jaxb-runtime/2.3.2/FastInfoset-1.2.16.jar,file:/home/me/.m2/repository/org/glassfish/jaxb/jaxb-runtime/2.3.2/jakarta.activation-api-1.2.1.jar
2024-06-04 16:54:10.456  INFO 1015958 --- [restartedMain] .e.DevToolsPropertyDefaultsPostProcessor : Devtools property defaults active! Set 'spring.devtools.add-properties' to 'false' to disable
2024-06-04 16:54:10.456  INFO 1015958 --- [restartedMain] .e.DevToolsPropertyDefaultsPostProcessor : For additional web related logging consider setting the 'logging.level.web' property to 'DEBUG'
2024-06-04 16:54:10.644  INFO 1015958 --- [restartedMain] .s.d.r.c.RepositoryConfigurationDelegate : Bootstrapping Spring Data JPA repositories in DEFAULT mode.
2024-06-04 16:54:10.663  INFO 1015958 --- [restartedMain] .s.d.r.c.RepositoryConfigurationDelegate : Finished Spring Data repository scanning in 16ms. Found 1 JPA repository interfaces.
2024-06-04 16:54:10.768  INFO 1015958 --- [restartedMain] trationDelegate$BeanPostProcessorChecker : Bean 'org.springframework.transaction.annotation.ProxyTransactionManagementConfiguration' of type [org.springframework.transaction.annotation.ProxyTransactionManagementConfiguration] is not eligible for getting processed by all BeanPostProcessors (for example: not eligible for auto-proxying)
2024-06-04 16:54:10.869  INFO 1015958 --- [restartedMain] o.s.b.w.embedded.tomcat.TomcatWebServer  : Tomcat initialized with port(s): 8080 (http)
2024-06-04 16:54:10.875  INFO 1015958 --- [restartedMain] o.apache.catalina.core.StandardService   : Starting service [Tomcat]
2024-06-04 16:54:10.875  INFO 1015958 --- [restartedMain] org.apache.catalina.core.StandardEngine  : Starting Servlet engine: [Apache Tomcat/9.0.30]
2024-06-04 16:54:10.904  INFO 1015958 --- [restartedMain] o.a.c.c.C.[Tomcat].[localhost].[/]       : Initializing Spring embedded WebApplicationContext
2024-06-04 16:54:10.904 DEBUG 1015958 --- [restartedMain] o.s.web.context.ContextLoader            : Published root WebApplicationContext as ServletContext attribute with name [org.springframework.web.context.WebApplicationContext.ROOT]
2024-06-04 16:54:10.904  INFO 1015958 --- [restartedMain] o.s.web.context.ContextLoader            : Root WebApplicationContext: initialization completed in 448 ms
2024-06-04 16:54:10.922  INFO 1015958 --- [restartedMain] com.zaxxer.hikari.HikariDataSource       : HikariPool-1 - Starting...
2024-06-04 16:54:13.875  INFO 1015958 --- [restartedMain] com.zaxxer.hikari.HikariDataSource       : HikariPool-1 - Start completed.
2024-06-04 16:54:13.879  INFO 1015958 --- [restartedMain] o.s.b.a.h2.H2ConsoleAutoConfiguration    : H2 console available at '/h2-console'. Database available at 'jdbc:postgresql://viaduct.proxy.rlwy.net:27989/railway'
2024-06-04 16:54:13.925  INFO 1015958 --- [restartedMain] o.hibernate.jpa.internal.util.LogHelper  : HHH000204: Processing PersistenceUnitInfo [name: default]
2024-06-04 16:54:13.950  INFO 1015958 --- [restartedMain] org.hibernate.Version                    : HHH000412: Hibernate Core {5.4.10.Final}
2024-06-04 16:54:13.988  INFO 1015958 --- [restartedMain] o.hibernate.annotations.common.Version   : HCANN000001: Hibernate Commons Annotations {5.1.0.Final}
2024-06-04 16:54:14.022  INFO 1015958 --- [restartedMain] org.hibernate.dialect.Dialect            : HHH000400: Using dialect: org.hibernate.dialect.PostgreSQLDialect
2024-06-04 16:54:16.022  INFO 1015958 --- [restartedMain] o.h.e.t.j.p.i.JtaPlatformInitiator       : HHH000490: Using JtaPlatform implementation: [org.hibernate.engine.transaction.jta.platform.internal.NoJtaPlatform]
2024-06-04 16:54:16.025  INFO 1015958 --- [restartedMain] j.LocalContainerEntityManagerFactoryBean : Initialized JPA EntityManagerFactory for persistence unit 'default'
2024-06-04 16:54:16.142  WARN 1015958 --- [restartedMain] JpaBaseConfiguration$JpaWebConfiguration : spring.jpa.open-in-view is enabled by default. Therefore, database queries may be performed during view rendering. Explicitly configure spring.jpa.open-in-view to disable this warning
2024-06-04 16:54:16.172  INFO 1015958 --- [restartedMain] o.s.s.concurrent.ThreadPoolTaskExecutor  : Initializing ExecutorService 'applicationTaskExecutor'
2024-06-04 16:54:16.175 DEBUG 1015958 --- [restartedMain] s.w.s.m.m.a.RequestMappingHandlerAdapter : ControllerAdvice beans: 0 @ModelAttribute, 0 @InitBinder, 1 RequestBodyAdvice, 1 ResponseBodyAdvice
2024-06-04 16:54:16.194 DEBUG 1015958 --- [restartedMain] s.w.s.m.m.a.RequestMappingHandlerMapping : 5 mappings in 'requestMappingHandlerMapping'
2024-06-04 16:54:16.203 DEBUG 1015958 --- [restartedMain] o.s.w.s.handler.SimpleUrlHandlerMapping  : Patterns [/webjars/**, /**] in 'resourceHandlerMapping'
2024-06-04 16:54:16.207 DEBUG 1015958 --- [restartedMain] .m.m.a.ExceptionHandlerExceptionResolver : ControllerAdvice beans: 0 @ExceptionHandler, 1 ResponseBodyAdvice
2024-06-04 16:54:16.233  INFO 1015958 --- [restartedMain] o.s.b.d.a.OptionalLiveReloadServer       : LiveReload server is running on port 35729
2024-06-04 16:54:16.243  INFO 1015958 --- [restartedMain] o.apache.catalina.core.StandardService   : Stopping service [Tomcat]
2024-06-04 16:54:16.244  WARN 1015958 --- [restartedMain] o.a.c.loader.WebappClassLoaderBase       : The web application [ROOT] appears to have started a thread named [HikariPool-1 housekeeper] but has failed to stop it. This is very likely to create a memory leak. Stack trace of thread:
 java.base@17.0.9/jdk.internal.misc.Unsafe.park(Native Method)
 java.base@17.0.9/java.util.concurrent.locks.LockSupport.parkNanos(LockSupport.java:252)
 java.base@17.0.9/java.util.concurrent.locks.AbstractQueuedSynchronizer$ConditionObject.awaitNanos(AbstractQueuedSynchronizer.java:1672)
 java.base@17.0.9/java.util.concurrent.ScheduledThreadPoolExecutor$DelayedWorkQueue.take(ScheduledThreadPoolExecutor.java:1182)
 java.base@17.0.9/java.util.concurrent.ScheduledThreadPoolExecutor$DelayedWorkQueue.take(ScheduledThreadPoolExecutor.java:899)
 java.base@17.0.9/java.util.concurrent.ThreadPoolExecutor.getTask(ThreadPoolExecutor.java:1062)
 java.base@17.0.9/java.util.concurrent.ThreadPoolExecutor.runWorker(ThreadPoolExecutor.java:1122)
 java.base@17.0.9/java.util.concurrent.ThreadPoolExecutor$Worker.run(ThreadPoolExecutor.java:635)
 java.base@17.0.9/java.lang.Thread.run(Thread.java:840)
2024-06-04 16:54:16.244  WARN 1015958 --- [restartedMain] o.a.c.loader.WebappClassLoaderBase       : The web application [ROOT] appears to have started a thread named [HikariPool-1 connection adder] but has failed to stop it. This is very likely to create a memory leak. Stack trace of thread:
 java.base@17.0.9/sun.nio.ch.SocketDispatcher.read0(Native Method)
 java.base@17.0.9/sun.nio.ch.SocketDispatcher.read(SocketDispatcher.java:47)
 java.base@17.0.9/sun.nio.ch.NioSocketImpl.tryRead(NioSocketImpl.java:266)
 java.base@17.0.9/sun.nio.ch.NioSocketImpl.implRead(NioSocketImpl.java:317)
 java.base@17.0.9/sun.nio.ch.NioSocketImpl.read(NioSocketImpl.java:355)
 java.base@17.0.9/sun.nio.ch.NioSocketImpl$1.read(NioSocketImpl.java:808)
 java.base@17.0.9/java.net.Socket$SocketInputStream.read(Socket.java:976)
 java.base@17.0.9/sun.security.ssl.SSLSocketInputRecord.read(SSLSocketInputRecord.java:484)
 java.base@17.0.9/sun.security.ssl.SSLSocketInputRecord.readHeader(SSLSocketInputRecord.java:478)
 java.base@17.0.9/sun.security.ssl.SSLSocketInputRecord.decode(SSLSocketInputRecord.java:160)
 java.base@17.0.9/sun.security.ssl.SSLTransport.decode(SSLTransport.java:111)
 java.base@17.0.9/sun.security.ssl.SSLSocketImpl.decode(SSLSocketImpl.java:1510)
 java.base@17.0.9/sun.security.ssl.SSLSocketImpl.readHandshakeRecord(SSLSocketImpl.java:1425)
 java.base@17.0.9/sun.security.ssl.SSLSocketImpl.startHandshake(SSLSocketImpl.java:455)
 java.base@17.0.9/sun.security.ssl.SSLSocketImpl.startHandshake(SSLSocketImpl.java:426)
 app//org.postgresql.ssl.MakeSSL.convert(MakeSSL.java:41)
 app//org.postgresql.core.v3.ConnectionFactoryImpl.enableSSL(ConnectionFactoryImpl.java:534)
 app//org.postgresql.core.v3.ConnectionFactoryImpl.tryConnect(ConnectionFactoryImpl.java:149)
 app//org.postgresql.core.v3.ConnectionFactoryImpl.openConnectionImpl(ConnectionFactoryImpl.java:213)
 app//org.postgresql.core.ConnectionFactory.openConnection(ConnectionFactory.java:51)
 app//org.postgresql.jdbc.PgConnection.<init>(PgConnection.java:223)
 app//org.postgresql.Driver.makeConnection(Driver.java:465)
 app//org.postgresql.Driver.connect(Driver.java:264)
 app//com.zaxxer.hikari.util.DriverDataSource.getConnection(DriverDataSource.java:138)
 app//com.zaxxer.hikari.pool.PoolBase.newConnection(PoolBase.java:354)
 app//com.zaxxer.hikari.pool.PoolBase.newPoolEntry(PoolBase.java:202)
 app//com.zaxxer.hikari.pool.HikariPool.createPoolEntry(HikariPool.java:473)
 app//com.zaxxer.hikari.pool.HikariPool.access$100(HikariPool.java:71)
 app//com.zaxxer.hikari.pool.HikariPool$PoolEntryCreator.call(HikariPool.java:719)
 app//com.zaxxer.hikari.pool.HikariPool$PoolEntryCreator.call(HikariPool.java:705)
 java.base@17.0.9/java.util.concurrent.FutureTask.run(FutureTask.java:264)
 java.base@17.0.9/java.util.concurrent.ThreadPoolExecutor.runWorker(ThreadPoolExecutor.java:1136)
 java.base@17.0.9/java.util.concurrent.ThreadPoolExecutor$Worker.run(ThreadPoolExecutor.java:635)
 java.base@17.0.9/java.lang.Thread.run(Thread.java:840)
2024-06-04 16:54:16.246  INFO 1015958 --- [restartedMain] ConditionEvaluationReportLoggingListener : 

Error starting ApplicationContext. To display the conditions report re-run your application with 'debug' enabled.
2024-06-04 16:54:16.247 ERROR 1015958 --- [restartedMain] o.s.b.d.LoggingFailureAnalysisReporter   : 

***************************
APPLICATION FAILED TO START
***************************

Description:

Web server failed to start. Port 8080 was already in use.

Action:

Identify and stop the process that's listening on port 8080 or configure this application to listen on another port.

2024-06-04 16:54:16.248  INFO 1015958 --- [restartedMain] o.s.s.concurrent.ThreadPoolTaskExecutor  : Shutting down ExecutorService 'applicationTaskExecutor'
2024-06-04 16:54:16.248  INFO 1015958 --- [restartedMain] j.LocalContainerEntityManagerFactoryBean : Closing JPA EntityManagerFactory for persistence unit 'default'
2024-06-04 16:54:16.249  INFO 1015958 --- [restartedMain] com.zaxxer.hikari.HikariDataSource       : HikariPool-1 - Shutdown initiated...
2024-06-04 16:54:17.611  INFO 1015958 --- [restartedMain] com.zaxxer.hikari.HikariDataSource       : HikariPool-1 - Shutdown completed.
2024-06-04 16:54:53.581  INFO 1017169 --- [restartedMain] hello.Application                        : Starting Application on liferay-c0i1l0o6 with PID 1017169 (/home/me/dev/projects/study/djabet-repository-api/target/classes started by me in /home/me/dev/projects/study/djabet-repository-api)
2024-06-04 16:54:53.582 DEBUG 1017169 --- [restartedMain] hello.Application                        : Running with Spring Boot v2.2.4.RELEASE, Spring v5.2.3.RELEASE
2024-06-04 16:54:53.582  INFO 1017169 --- [restartedMain] hello.Application                        : No active profile set, falling back to default profiles: default
2024-06-04 16:54:53.599  INFO 1017169 --- [restartedMain] o.s.b.devtools.restart.ChangeableUrls    : The Class-Path manifest attribute in /home/me/.m2/repository/org/glassfish/jaxb/jaxb-runtime/2.3.2/jaxb-runtime-2.3.2.jar referenced one or more files that do not exist: file:/home/me/.m2/repository/org/glassfish/jaxb/jaxb-runtime/2.3.2/jakarta.xml.bind-api-2.3.2.jar,file:/home/me/.m2/repository/org/glassfish/jaxb/jaxb-runtime/2.3.2/txw2-2.3.2.jar,file:/home/me/.m2/repository/org/glassfish/jaxb/jaxb-runtime/2.3.2/istack-commons-runtime-3.0.8.jar,file:/home/me/.m2/repository/org/glassfish/jaxb/jaxb-runtime/2.3.2/stax-ex-1.8.1.jar,file:/home/me/.m2/repository/org/glassfish/jaxb/jaxb-runtime/2.3.2/FastInfoset-1.2.16.jar,file:/home/me/.m2/repository/org/glassfish/jaxb/jaxb-runtime/2.3.2/jakarta.activation-api-1.2.1.jar
2024-06-04 16:54:53.599  INFO 1017169 --- [restartedMain] .e.DevToolsPropertyDefaultsPostProcessor : Devtools property defaults active! Set 'spring.devtools.add-properties' to 'false' to disable
2024-06-04 16:54:53.599  INFO 1017169 --- [restartedMain] .e.DevToolsPropertyDefaultsPostProcessor : For additional web related logging consider setting the 'logging.level.web' property to 'DEBUG'
2024-06-04 16:54:53.782  INFO 1017169 --- [restartedMain] .s.d.r.c.RepositoryConfigurationDelegate : Bootstrapping Spring Data JPA repositories in DEFAULT mode.
2024-06-04 16:54:53.800  INFO 1017169 --- [restartedMain] .s.d.r.c.RepositoryConfigurationDelegate : Finished Spring Data repository scanning in 16ms. Found 1 JPA repository interfaces.
2024-06-04 16:54:53.908  INFO 1017169 --- [restartedMain] trationDelegate$BeanPostProcessorChecker : Bean 'org.springframework.transaction.annotation.ProxyTransactionManagementConfiguration' of type [org.springframework.transaction.annotation.ProxyTransactionManagementConfiguration] is not eligible for getting processed by all BeanPostProcessors (for example: not eligible for auto-proxying)
2024-06-04 16:54:54.004  INFO 1017169 --- [restartedMain] o.s.b.w.embedded.tomcat.TomcatWebServer  : Tomcat initialized with port(s): 8080 (http)
2024-06-04 16:54:54.008  INFO 1017169 --- [restartedMain] o.apache.catalina.core.StandardService   : Starting service [Tomcat]
2024-06-04 16:54:54.008  INFO 1017169 --- [restartedMain] org.apache.catalina.core.StandardEngine  : Starting Servlet engine: [Apache Tomcat/9.0.30]
2024-06-04 16:54:54.032  INFO 1017169 --- [restartedMain] o.a.c.c.C.[Tomcat].[localhost].[/]       : Initializing Spring embedded WebApplicationContext
2024-06-04 16:54:54.032 DEBUG 1017169 --- [restartedMain] o.s.web.context.ContextLoader            : Published root WebApplicationContext as ServletContext attribute with name [org.springframework.web.context.WebApplicationContext.ROOT]
2024-06-04 16:54:54.033  INFO 1017169 --- [restartedMain] o.s.web.context.ContextLoader            : Root WebApplicationContext: initialization completed in 433 ms
2024-06-04 16:54:54.051  INFO 1017169 --- [restartedMain] com.zaxxer.hikari.HikariDataSource       : HikariPool-1 - Starting...
2024-06-04 16:54:56.309  INFO 1017169 --- [restartedMain] com.zaxxer.hikari.HikariDataSource       : HikariPool-1 - Start completed.
2024-06-04 16:54:56.314  INFO 1017169 --- [restartedMain] o.s.b.a.h2.H2ConsoleAutoConfiguration    : H2 console available at '/h2-console'. Database available at 'jdbc:postgresql://viaduct.proxy.rlwy.net:27989/railway'
2024-06-04 16:54:56.361  INFO 1017169 --- [restartedMain] o.hibernate.jpa.internal.util.LogHelper  : HHH000204: Processing PersistenceUnitInfo [name: default]
2024-06-04 16:54:56.388  INFO 1017169 --- [restartedMain] org.hibernate.Version                    : HHH000412: Hibernate Core {5.4.10.Final}
2024-06-04 16:54:56.430  INFO 1017169 --- [restartedMain] o.hibernate.annotations.common.Version   : HCANN000001: Hibernate Commons Annotations {5.1.0.Final}
2024-06-04 16:54:56.463  INFO 1017169 --- [restartedMain] org.hibernate.dialect.Dialect            : HHH000400: Using dialect: org.hibernate.dialect.PostgreSQLDialect
2024-06-04 16:54:58.560  INFO 1017169 --- [restartedMain] o.h.e.t.j.p.i.JtaPlatformInitiator       : HHH000490: Using JtaPlatform implementation: [org.hibernate.engine.transaction.jta.platform.internal.NoJtaPlatform]
2024-06-04 16:54:58.563  INFO 1017169 --- [restartedMain] j.LocalContainerEntityManagerFactoryBean : Initialized JPA EntityManagerFactory for persistence unit 'default'
2024-06-04 16:54:58.680  WARN 1017169 --- [restartedMain] JpaBaseConfiguration$JpaWebConfiguration : spring.jpa.open-in-view is enabled by default. Therefore, database queries may be performed during view rendering. Explicitly configure spring.jpa.open-in-view to disable this warning
2024-06-04 16:54:58.708  INFO 1017169 --- [restartedMain] o.s.s.concurrent.ThreadPoolTaskExecutor  : Initializing ExecutorService 'applicationTaskExecutor'
2024-06-04 16:54:58.711 DEBUG 1017169 --- [restartedMain] s.w.s.m.m.a.RequestMappingHandlerAdapter : ControllerAdvice beans: 0 @ModelAttribute, 0 @InitBinder, 1 RequestBodyAdvice, 1 ResponseBodyAdvice
2024-06-04 16:54:58.731 DEBUG 1017169 --- [restartedMain] s.w.s.m.m.a.RequestMappingHandlerMapping : 5 mappings in 'requestMappingHandlerMapping'
2024-06-04 16:54:58.740 DEBUG 1017169 --- [restartedMain] o.s.w.s.handler.SimpleUrlHandlerMapping  : Patterns [/webjars/**, /**] in 'resourceHandlerMapping'
2024-06-04 16:54:58.745 DEBUG 1017169 --- [restartedMain] .m.m.a.ExceptionHandlerExceptionResolver : ControllerAdvice beans: 0 @ExceptionHandler, 1 ResponseBodyAdvice
2024-06-04 16:54:58.769  INFO 1017169 --- [restartedMain] o.s.b.d.a.OptionalLiveReloadServer       : LiveReload server is running on port 35729
2024-06-04 16:54:58.784  INFO 1017169 --- [restartedMain] o.s.b.w.embedded.tomcat.TomcatWebServer  : Tomcat started on port(s): 8080 (http) with context path ''
2024-06-04 16:54:58.785  INFO 1017169 --- [restartedMain] hello.Application                        : Started Application in 5.304 seconds (JVM running for 5.492)
2024-06-04 16:55:09.684  INFO 1017169 --- [http-nio-8080-exec-1] o.a.c.c.C.[Tomcat].[localhost].[/]       : Initializing Spring DispatcherServlet 'dispatcherServlet'
2024-06-04 16:55:09.684  INFO 1017169 --- [http-nio-8080-exec-1] o.s.web.servlet.DispatcherServlet        : Initializing Servlet 'dispatcherServlet'
2024-06-04 16:55:09.684 DEBUG 1017169 --- [http-nio-8080-exec-1] o.s.web.servlet.DispatcherServlet        : Detected StandardServletMultipartResolver
2024-06-04 16:55:09.686 DEBUG 1017169 --- [http-nio-8080-exec-1] o.s.web.servlet.DispatcherServlet        : enableLoggingRequestDetails='false': request parameters and headers will be masked to prevent unsafe logging of potentially sensitive data
2024-06-04 16:55:09.686  INFO 1017169 --- [http-nio-8080-exec-1] o.s.web.servlet.DispatcherServlet        : Completed initialization in 2 ms
2024-06-04 16:55:09.689 DEBUG 1017169 --- [http-nio-8080-exec-1] o.s.web.servlet.DispatcherServlet        : POST "/api/double/save", parameters={}
2024-06-04 16:55:09.692 DEBUG 1017169 --- [http-nio-8080-exec-1] o.s.w.s.handler.SimpleUrlHandlerMapping  : Mapped to ResourceHttpRequestHandler ["classpath:/META-INF/resources/", "classpath:/resources/", "classpath:/static/", "classpath:/public/", "/"]
2024-06-04 16:55:09.693 DEBUG 1017169 --- [http-nio-8080-exec-1] o.s.w.s.r.ResourceHttpRequestHandler     : Resource not found
2024-06-04 16:55:09.693 DEBUG 1017169 --- [http-nio-8080-exec-1] o.s.web.servlet.DispatcherServlet        : Completed 404 NOT_FOUND
2024-06-04 16:55:09.695 DEBUG 1017169 --- [http-nio-8080-exec-1] o.s.web.servlet.DispatcherServlet        : "ERROR" dispatch for POST "/error", parameters={}
2024-06-04 16:55:09.696 DEBUG 1017169 --- [http-nio-8080-exec-1] s.w.s.m.m.a.RequestMappingHandlerMapping : Mapped to org.springframework.boot.autoconfigure.web.servlet.error.BasicErrorController#error(HttpServletRequest)
2024-06-04 16:55:09.707 DEBUG 1017169 --- [http-nio-8080-exec-1] o.s.w.s.m.m.a.HttpEntityMethodProcessor  : Using 'application/json', given [*/*] and supported [application/json, application/*+json, application/json, application/*+json]
2024-06-04 16:55:09.707 DEBUG 1017169 --- [http-nio-8080-exec-1] o.s.w.s.m.m.a.HttpEntityMethodProcessor  : Writing [{timestamp=Tue Jun 04 16:55:09 BRT 2024, status=404, error=Not Found, message=No message available,  (truncated)...]
2024-06-04 16:55:09.721 DEBUG 1017169 --- [http-nio-8080-exec-1] o.s.web.servlet.DispatcherServlet        : Exiting from "ERROR" dispatch, status 404
2024-06-04 16:55:18.551 DEBUG 1017169 --- [http-nio-8080-exec-2] o.s.web.servlet.DispatcherServlet        : POST "/api/double", parameters={}
2024-06-04 16:55:18.552 DEBUG 1017169 --- [http-nio-8080-exec-2] s.w.s.m.m.a.RequestMappingHandlerMapping : Mapped to hello.DoubleController#saveRoll(Roll, HttpServletRequest)
2024-06-04 16:55:18.574 DEBUG 1017169 --- [http-nio-8080-exec-2] m.m.a.RequestResponseBodyMethodProcessor : Read "application/json;charset=UTF-8" to [Roll(id=null, color=red, platform=betfiery, roll=4, created=2024-06-04T19:55:18.570149545Z, createdT (truncated)...]
2024-06-04 16:55:19.200 DEBUG 1017169 --- [http-nio-8080-exec-2] o.s.w.s.m.m.a.HttpEntityMethodProcessor  : Using 'application/json', given [*/*] and supported [application/json]
2024-06-04 16:55:19.202 DEBUG 1017169 --- [http-nio-8080-exec-2] o.s.web.servlet.DispatcherServlet        : Completed 201 CREATED
2024-06-04 16:55:42.219  INFO 1017169 --- [Thread-5] o.s.s.concurrent.ThreadPoolTaskExecutor  : Shutting down ExecutorService 'applicationTaskExecutor'
2024-06-04 16:55:42.221  INFO 1017169 --- [Thread-5] j.LocalContainerEntityManagerFactoryBean : Closing JPA EntityManagerFactory for persistence unit 'default'
2024-06-04 16:55:42.223  INFO 1017169 --- [Thread-5] com.zaxxer.hikari.HikariDataSource       : HikariPool-1 - Shutdown initiated...
2024-06-04 16:55:43.597  INFO 1017169 --- [Thread-5] com.zaxxer.hikari.HikariDataSource       : HikariPool-1 - Shutdown completed.
2024-06-04 16:55:43.669  INFO 1017169 --- [restartedMain] hello.Application                        : Starting Application on liferay-c0i1l0o6 with PID 1017169 (/home/me/dev/projects/study/djabet-repository-api/target/classes started by me in /home/me/dev/projects/study/djabet-repository-api)
2024-06-04 16:55:43.670 DEBUG 1017169 --- [restartedMain] hello.Application                        : Running with Spring Boot v2.2.4.RELEASE, Spring v5.2.3.RELEASE
2024-06-04 16:55:43.670  INFO 1017169 --- [restartedMain] hello.Application                        : No active profile set, falling back to default profiles: default
2024-06-04 16:55:43.727  INFO 1017169 --- [restartedMain] .s.d.r.c.RepositoryConfigurationDelegate : Bootstrapping Spring Data JPA repositories in DEFAULT mode.
2024-06-04 16:55:43.729  INFO 1017169 --- [restartedMain] .s.d.r.c.RepositoryConfigurationDelegate : Finished Spring Data repository scanning in 2ms. Found 1 JPA repository interfaces.
2024-06-04 16:55:43.750  INFO 1017169 --- [restartedMain] trationDelegate$BeanPostProcessorChecker : Bean 'org.springframework.transaction.annotation.ProxyTransactionManagementConfiguration' of type [org.springframework.transaction.annotation.ProxyTransactionManagementConfiguration] is not eligible for getting processed by all BeanPostProcessors (for example: not eligible for auto-proxying)
2024-06-04 16:55:43.766  INFO 1017169 --- [restartedMain] o.s.b.w.embedded.tomcat.TomcatWebServer  : Tomcat initialized with port(s): 8080 (http)
2024-06-04 16:55:43.766  INFO 1017169 --- [restartedMain] o.apache.catalina.core.StandardService   : Starting service [Tomcat]
2024-06-04 16:55:43.766  INFO 1017169 --- [restartedMain] org.apache.catalina.core.StandardEngine  : Starting Servlet engine: [Apache Tomcat/9.0.30]
2024-06-04 16:55:43.770  INFO 1017169 --- [restartedMain] o.a.c.c.C.[Tomcat].[localhost].[/]       : Initializing Spring embedded WebApplicationContext
2024-06-04 16:55:43.770 DEBUG 1017169 --- [restartedMain] o.s.web.context.ContextLoader            : Published root WebApplicationContext as ServletContext attribute with name [org.springframework.web.context.WebApplicationContext.ROOT]
2024-06-04 16:55:43.770  INFO 1017169 --- [restartedMain] o.s.web.context.ContextLoader            : Root WebApplicationContext: initialization completed in 99 ms
2024-06-04 16:55:43.776  INFO 1017169 --- [restartedMain] com.zaxxer.hikari.HikariDataSource       : HikariPool-2 - Starting...
2024-06-04 16:55:45.874  INFO 1017169 --- [restartedMain] com.zaxxer.hikari.HikariDataSource       : HikariPool-2 - Start completed.
2024-06-04 16:55:45.874  INFO 1017169 --- [restartedMain] o.s.b.a.h2.H2ConsoleAutoConfiguration    : H2 console available at '/h2-console'. Database available at 'jdbc:postgresql://viaduct.proxy.rlwy.net:27989/railway'
2024-06-04 16:55:45.898  INFO 1017169 --- [restartedMain] o.hibernate.jpa.internal.util.LogHelper  : HHH000204: Processing PersistenceUnitInfo [name: default]
2024-06-04 16:55:45.900  INFO 1017169 --- [restartedMain] org.hibernate.dialect.Dialect            : HHH000400: Using dialect: org.hibernate.dialect.PostgreSQLDialect
2024-06-04 16:55:47.920  INFO 1017169 --- [restartedMain] o.h.e.t.j.p.i.JtaPlatformInitiator       : HHH000490: Using JtaPlatform implementation: [org.hibernate.engine.transaction.jta.platform.internal.NoJtaPlatform]
2024-06-04 16:55:47.920  INFO 1017169 --- [restartedMain] j.LocalContainerEntityManagerFactoryBean : Initialized JPA EntityManagerFactory for persistence unit 'default'
2024-06-04 16:55:47.950  WARN 1017169 --- [restartedMain] JpaBaseConfiguration$JpaWebConfiguration : spring.jpa.open-in-view is enabled by default. Therefore, database queries may be performed during view rendering. Explicitly configure spring.jpa.open-in-view to disable this warning
2024-06-04 16:55:47.957  INFO 1017169 --- [restartedMain] o.s.s.concurrent.ThreadPoolTaskExecutor  : Initializing ExecutorService 'applicationTaskExecutor'
2024-06-04 16:55:47.958 DEBUG 1017169 --- [restartedMain] s.w.s.m.m.a.RequestMappingHandlerAdapter : ControllerAdvice beans: 0 @ModelAttribute, 0 @InitBinder, 1 RequestBodyAdvice, 1 ResponseBodyAdvice
2024-06-04 16:55:47.961 DEBUG 1017169 --- [restartedMain] s.w.s.m.m.a.RequestMappingHandlerMapping : 5 mappings in 'requestMappingHandlerMapping'
2024-06-04 16:55:47.965 DEBUG 1017169 --- [restartedMain] o.s.w.s.handler.SimpleUrlHandlerMapping  : Patterns [/webjars/**, /**] in 'resourceHandlerMapping'
2024-06-04 16:55:47.967 DEBUG 1017169 --- [restartedMain] .m.m.a.ExceptionHandlerExceptionResolver : ControllerAdvice beans: 0 @ExceptionHandler, 1 ResponseBodyAdvice
2024-06-04 16:55:47.975  INFO 1017169 --- [restartedMain] o.s.b.d.a.OptionalLiveReloadServer       : LiveReload server is running on port 35729
2024-06-04 16:55:47.980  INFO 1017169 --- [restartedMain] o.s.b.w.embedded.tomcat.TomcatWebServer  : Tomcat started on port(s): 8080 (http) with context path ''
2024-06-04 16:55:47.980  INFO 1017169 --- [restartedMain] hello.Application                        : Started Application in 4.329 seconds (JVM running for 54.686)
2024-06-04 16:55:47.981  INFO 1017169 --- [restartedMain] .ConditionEvaluationDeltaLoggingListener : Condition evaluation unchanged
2024-06-04 16:56:01.784  INFO 1017169 --- [http-nio-8080-exec-1] o.a.c.c.C.[Tomcat].[localhost].[/]       : Initializing Spring DispatcherServlet 'dispatcherServlet'
2024-06-04 16:56:01.784  INFO 1017169 --- [http-nio-8080-exec-1] o.s.web.servlet.DispatcherServlet        : Initializing Servlet 'dispatcherServlet'
2024-06-04 16:56:01.784 DEBUG 1017169 --- [http-nio-8080-exec-1] o.s.web.servlet.DispatcherServlet        : Detected StandardServletMultipartResolver
2024-06-04 16:56:01.785 DEBUG 1017169 --- [http-nio-8080-exec-1] o.s.web.servlet.DispatcherServlet        : enableLoggingRequestDetails='false': request parameters and headers will be masked to prevent unsafe logging of potentially sensitive data
2024-06-04 16:56:01.785  INFO 1017169 --- [http-nio-8080-exec-1] o.s.web.servlet.DispatcherServlet        : Completed initialization in 1 ms
2024-06-04 16:56:01.785 DEBUG 1017169 --- [http-nio-8080-exec-1] o.s.web.servlet.DispatcherServlet        : GET "/api/double/rolls?qtd=3&sort=asc", parameters={masked}
2024-06-04 16:56:01.785 DEBUG 1017169 --- [http-nio-8080-exec-1] o.s.w.s.handler.SimpleUrlHandlerMapping  : Mapped to ResourceHttpRequestHandler ["classpath:/META-INF/resources/", "classpath:/resources/", "classpath:/static/", "classpath:/public/", "/"]
2024-06-04 16:56:01.786 DEBUG 1017169 --- [http-nio-8080-exec-1] o.s.w.s.r.ResourceHttpRequestHandler     : Resource not found
2024-06-04 16:56:01.786 DEBUG 1017169 --- [http-nio-8080-exec-1] o.s.web.servlet.DispatcherServlet        : Completed 404 NOT_FOUND
2024-06-04 16:56:01.786 DEBUG 1017169 --- [http-nio-8080-exec-1] o.s.web.servlet.DispatcherServlet        : "ERROR" dispatch for GET "/error?qtd=3&sort=asc", parameters={masked}
2024-06-04 16:56:01.786 DEBUG 1017169 --- [http-nio-8080-exec-1] s.w.s.m.m.a.RequestMappingHandlerMapping : Mapped to org.springframework.boot.autoconfigure.web.servlet.error.BasicErrorController#error(HttpServletRequest)
2024-06-04 16:56:01.787 DEBUG 1017169 --- [http-nio-8080-exec-1] o.s.w.s.m.m.a.HttpEntityMethodProcessor  : Using 'application/json', given [*/*] and supported [application/json, application/*+json, application/json, application/*+json]
2024-06-04 16:56:01.787 DEBUG 1017169 --- [http-nio-8080-exec-1] o.s.w.s.m.m.a.HttpEntityMethodProcessor  : Writing [{timestamp=Tue Jun 04 16:56:01 BRT 2024, status=404, error=Not Found, message=No message available,  (truncated)...]
2024-06-04 16:56:01.788 DEBUG 1017169 --- [http-nio-8080-exec-1] o.s.web.servlet.DispatcherServlet        : Exiting from "ERROR" dispatch, status 404
2024-06-04 16:56:10.757 DEBUG 1017169 --- [http-nio-8080-exec-2] o.s.web.servlet.DispatcherServlet        : GET "/api/double?qtd=3&sort=asc", parameters={masked}
2024-06-04 16:56:10.757 DEBUG 1017169 --- [http-nio-8080-exec-2] s.w.s.m.m.a.RequestMappingHandlerMapping : Mapped to hello.DoubleController#fetchRolls(int, String, String)
2024-06-04 16:56:10.759 DEBUG 1017169 --- [http-nio-8080-exec-2] .w.s.m.m.a.ServletInvocableHandlerMethod : Could not resolve parameter [2] in public org.springframework.http.ResponseEntity<java.lang.String> hello.DoubleController.fetchRolls(int,java.lang.String,java.lang.String) throws com.fasterxml.jackson.core.JsonProcessingException: Required String parameter 'platform' is not present
2024-06-04 16:56:10.760  WARN 1017169 --- [http-nio-8080-exec-2] .w.s.m.s.DefaultHandlerExceptionResolver : Resolved [org.springframework.web.bind.MissingServletRequestParameterException: Required String parameter 'platform' is not present]
2024-06-04 16:56:10.760 DEBUG 1017169 --- [http-nio-8080-exec-2] o.s.web.servlet.DispatcherServlet        : Completed 400 BAD_REQUEST
2024-06-04 16:56:10.760 DEBUG 1017169 --- [http-nio-8080-exec-2] o.s.web.servlet.DispatcherServlet        : "ERROR" dispatch for GET "/error?qtd=3&sort=asc", parameters={masked}
2024-06-04 16:56:10.760 DEBUG 1017169 --- [http-nio-8080-exec-2] s.w.s.m.m.a.RequestMappingHandlerMapping : Mapped to org.springframework.boot.autoconfigure.web.servlet.error.BasicErrorController#error(HttpServletRequest)
2024-06-04 16:56:10.761 DEBUG 1017169 --- [http-nio-8080-exec-2] o.s.w.s.m.m.a.HttpEntityMethodProcessor  : Using 'application/json', given [*/*] and supported [application/json, application/*+json, application/json, application/*+json]
2024-06-04 16:56:10.761 DEBUG 1017169 --- [http-nio-8080-exec-2] o.s.w.s.m.m.a.HttpEntityMethodProcessor  : Writing [{timestamp=Tue Jun 04 16:56:10 BRT 2024, status=400, error=Bad Request, message=Required String para (truncated)...]
2024-06-04 16:56:10.762 DEBUG 1017169 --- [http-nio-8080-exec-2] o.s.web.servlet.DispatcherServlet        : Exiting from "ERROR" dispatch, status 400
2024-06-04 16:56:13.031 DEBUG 1017169 --- [http-nio-8080-exec-3] o.s.web.servlet.DispatcherServlet        : GET "/c/portal/extend_session", parameters={}
2024-06-04 16:56:13.032 DEBUG 1017169 --- [http-nio-8080-exec-3] o.s.w.s.handler.SimpleUrlHandlerMapping  : Mapped to ResourceHttpRequestHandler ["classpath:/META-INF/resources/", "classpath:/resources/", "classpath:/static/", "classpath:/public/", "/"]
2024-06-04 16:56:13.033 DEBUG 1017169 --- [http-nio-8080-exec-3] o.s.w.s.r.ResourceHttpRequestHandler     : Resource not found
2024-06-04 16:56:13.033 DEBUG 1017169 --- [http-nio-8080-exec-3] o.s.web.servlet.DispatcherServlet        : Completed 404 NOT_FOUND
2024-06-04 16:56:13.033 DEBUG 1017169 --- [http-nio-8080-exec-3] o.s.web.servlet.DispatcherServlet        : "ERROR" dispatch for GET "/error", parameters={}
2024-06-04 16:56:13.034 DEBUG 1017169 --- [http-nio-8080-exec-3] s.w.s.m.m.a.RequestMappingHandlerMapping : Mapped to org.springframework.boot.autoconfigure.web.servlet.error.BasicErrorController#error(HttpServletRequest)
2024-06-04 16:56:13.034 DEBUG 1017169 --- [http-nio-8080-exec-3] o.s.w.s.m.m.a.HttpEntityMethodProcessor  : Using 'application/json', given [*/*] and supported [application/json, application/*+json, application/json, application/*+json]
2024-06-04 16:56:13.034 DEBUG 1017169 --- [http-nio-8080-exec-3] o.s.w.s.m.m.a.HttpEntityMethodProcessor  : Writing [{timestamp=Tue Jun 04 16:56:13 BRT 2024, status=404, error=Not Found, message=No message available,  (truncated)...]
2024-06-04 16:56:13.035 DEBUG 1017169 --- [http-nio-8080-exec-3] o.s.web.servlet.DispatcherServlet        : Exiting from "ERROR" dispatch, status 404
2024-06-04 16:56:51.586 DEBUG 1017169 --- [http-nio-8080-exec-4] o.s.web.servlet.DispatcherServlet        : GET "/api/double?platform=betfiery&qtd=3&sort=asc", parameters={masked}
2024-06-04 16:56:51.587 DEBUG 1017169 --- [http-nio-8080-exec-4] s.w.s.m.m.a.RequestMappingHandlerMapping : Mapped to hello.DoubleController#fetchRolls(int, String, String)
2024-06-04 16:56:52.448 DEBUG 1017169 --- [http-nio-8080-exec-4] o.s.w.s.m.m.a.HttpEntityMethodProcessor  : Using 'application/json', given [*/*] and supported [application/json]
2024-06-04 16:56:52.448 DEBUG 1017169 --- [http-nio-8080-exec-4] o.s.w.s.m.m.a.HttpEntityMethodProcessor  : Writing ["[{"id":8780,"color":"red","platform":"betfiery","roll":7,"createdTime":"2024-06-04T19:56:52.1487280 (truncated)...]
2024-06-04 16:56:52.449 DEBUG 1017169 --- [http-nio-8080-exec-4] o.s.web.servlet.DispatcherServlet        : Completed 200 OK
2024-06-04 16:57:09.546  INFO 1017169 --- [SpringContextShutdownHook] o.s.s.concurrent.ThreadPoolTaskExecutor  : Shutting down ExecutorService 'applicationTaskExecutor'
2024-06-04 16:57:09.547  INFO 1017169 --- [SpringContextShutdownHook] j.LocalContainerEntityManagerFactoryBean : Closing JPA EntityManagerFactory for persistence unit 'default'
2024-06-04 16:57:09.547  INFO 1017169 --- [SpringContextShutdownHook] com.zaxxer.hikari.HikariDataSource       : HikariPool-2 - Shutdown initiated...
2024-06-04 16:57:10.953  INFO 1017169 --- [SpringContextShutdownHook] com.zaxxer.hikari.HikariDataSource       : HikariPool-2 - Shutdown completed.
